app/build/intermediates/manifest_merge_blame_file/debug/manifest-merger-blame-debug-report.txt
1<?xml version="1.0" encoding="utf-8"?>
2<manifest xmlns:android="http://schemas.android.com/apk/res/android"
3    package="com.rnfirebasemc"
4    android:versionCode="1"
5    android:versionName="1.0" >
6
7    <uses-sdk
8        android:minSdkVersion="16"
9        android:targetSdkVersion="29" />
10
11    <uses-permission android:name="android.permission.SYSTEM_ALERT_WINDOW" />
11-->src\debug\AndroidManifest.xml:5:5-77
11-->src\debug\AndroidManifest.xml:5:22-75
12    <uses-permission android:name="android.permission.INTERNET" />
12-->src\main\AndroidManifest.xml:4:5-67
12-->src\main\AndroidManifest.xml:4:22-64
13    <uses-permission android:name="android.permission.ACCESS_WIFI_STATE" />
13-->[com.facebook.flipper:flipper:0.54.0] AndroidManifest.xml:16:5-76
13-->[com.facebook.flipper:flipper:0.54.0] AndroidManifest.xml:16:22-73
14    <uses-permission android:name="android.permission.WAKE_LOCK" />
14-->[:react-native-firebase_messaging] AndroidManifest.xml:12:5-68
14-->[:react-native-firebase_messaging] AndroidManifest.xml:12:22-65
15    <uses-permission android:name="android.permission.ACCESS_NETWORK_STATE" /> <!-- Required by older versions of Google Play services to create IID tokens -->
15-->[:react-native-firebase_messaging] AndroidManifest.xml:13:5-79
15-->[:react-native-firebase_messaging] AndroidManifest.xml:13:22-76
16    <uses-permission android:name="com.google.android.c2dm.permission.RECEIVE" /> <!-- for android -->
16-->[com.google.firebase:firebase-iid:21.0.1] AndroidManifest.xml:26:5-82
16-->[com.google.firebase:firebase-iid:21.0.1] AndroidManifest.xml:26:22-79
17    <!-- <uses-permission android:name="com.android.launcher.permission.READ_SETTINGS"/> -->
18    <!-- <uses-permission android:name="com.android.launcher.permission.WRITE_SETTINGS"/> -->
19    <!-- <uses-permission android:name="com.android.launcher.permission.INSTALL_SHORTCUT" /> -->
20    <!-- <uses-permission android:name="com.android.launcher.permission.UNINSTALL_SHORTCUT" /> -->
21    <!-- for Samsung -->
22    <uses-permission android:name="com.sec.android.provider.badge.permission.READ" />
22-->[me.leolin:ShortcutBadger:1.1.22] AndroidManifest.xml:19:5-86
22-->[me.leolin:ShortcutBadger:1.1.22] AndroidManifest.xml:19:22-83
23    <uses-permission android:name="com.sec.android.provider.badge.permission.WRITE" /> <!-- for htc -->
23-->[me.leolin:ShortcutBadger:1.1.22] AndroidManifest.xml:20:5-87
23-->[me.leolin:ShortcutBadger:1.1.22] AndroidManifest.xml:20:22-84
24    <uses-permission android:name="com.htc.launcher.permission.READ_SETTINGS" />
24-->[me.leolin:ShortcutBadger:1.1.22] AndroidManifest.xml:23:5-81
24-->[me.leolin:ShortcutBadger:1.1.22] AndroidManifest.xml:23:22-78
25    <uses-permission android:name="com.htc.launcher.permission.UPDATE_SHORTCUT" /> <!-- for sony -->
25-->[me.leolin:ShortcutBadger:1.1.22] AndroidManifest.xml:24:5-83
25-->[me.leolin:ShortcutBadger:1.1.22] AndroidManifest.xml:24:22-80
26    <uses-permission android:name="com.sonyericsson.home.permission.BROADCAST_BADGE" />
26-->[me.leolin:ShortcutBadger:1.1.22] AndroidManifest.xml:27:5-88
26-->[me.leolin:ShortcutBadger:1.1.22] AndroidManifest.xml:27:22-85
27    <uses-permission android:name="com.sonymobile.home.permission.PROVIDER_INSERT_BADGE" /> <!-- for apex -->
27-->[me.leolin:ShortcutBadger:1.1.22] AndroidManifest.xml:28:5-92
27-->[me.leolin:ShortcutBadger:1.1.22] AndroidManifest.xml:28:22-89
28    <uses-permission android:name="com.anddoes.launcher.permission.UPDATE_COUNT" /> <!-- for solid -->
28-->[me.leolin:ShortcutBadger:1.1.22] AndroidManifest.xml:31:5-84
28-->[me.leolin:ShortcutBadger:1.1.22] AndroidManifest.xml:31:22-81
29    <uses-permission android:name="com.majeur.launcher.permission.UPDATE_BADGE" /> <!-- for huawei -->
29-->[me.leolin:ShortcutBadger:1.1.22] AndroidManifest.xml:34:5-83
29-->[me.leolin:ShortcutBadger:1.1.22] AndroidManifest.xml:34:22-80
30    <uses-permission android:name="com.huawei.android.launcher.permission.CHANGE_BADGE" />
30-->[me.leolin:ShortcutBadger:1.1.22] AndroidManifest.xml:37:5-91
30-->[me.leolin:ShortcutBadger:1.1.22] AndroidManifest.xml:37:22-88
31    <uses-permission android:name="com.huawei.android.launcher.permission.READ_SETTINGS" />
31-->[me.leolin:ShortcutBadger:1.1.22] AndroidManifest.xml:38:5-92
31-->[me.leolin:ShortcutBadger:1.1.22] AndroidManifest.xml:38:22-89
32    <uses-permission android:name="com.huawei.android.launcher.permission.WRITE_SETTINGS" /> <!-- for ZUK -->
32-->[me.leolin:ShortcutBadger:1.1.22] AndroidManifest.xml:39:5-93
32-->[me.leolin:ShortcutBadger:1.1.22] AndroidManifest.xml:39:22-90
33    <uses-permission android:name="android.permission.READ_APP_BADGE" /> <!-- for OPPO -->
33-->[me.leolin:ShortcutBadger:1.1.22] AndroidManifest.xml:42:5-73
33-->[me.leolin:ShortcutBadger:1.1.22] AndroidManifest.xml:42:22-70
34    <uses-permission android:name="com.oppo.launcher.permission.READ_SETTINGS" />
34-->[me.leolin:ShortcutBadger:1.1.22] AndroidManifest.xml:45:5-82
34-->[me.leolin:ShortcutBadger:1.1.22] AndroidManifest.xml:45:22-79
35    <uses-permission android:name="com.oppo.launcher.permission.WRITE_SETTINGS" /> <!-- for EvMe -->
35-->[me.leolin:ShortcutBadger:1.1.22] AndroidManifest.xml:46:5-83
35-->[me.leolin:ShortcutBadger:1.1.22] AndroidManifest.xml:46:22-80
36    <uses-permission android:name="me.everything.badger.permission.BADGE_COUNT_READ" />
36-->[me.leolin:ShortcutBadger:1.1.22] AndroidManifest.xml:49:5-88
36-->[me.leolin:ShortcutBadger:1.1.22] AndroidManifest.xml:49:22-85
37    <uses-permission android:name="me.everything.badger.permission.BADGE_COUNT_WRITE" />
37-->[me.leolin:ShortcutBadger:1.1.22] AndroidManifest.xml:50:5-89
37-->[me.leolin:ShortcutBadger:1.1.22] AndroidManifest.xml:50:22-86
38
39    <application
39-->src\main\AndroidManifest.xml:6:5-25:19
40        android:name="com.rnfirebasemc.MainApplication"
40-->src\main\AndroidManifest.xml:7:7-38
41        android:allowBackup="false"
41-->src\main\AndroidManifest.xml:11:7-34
42        android:appComponentFactory="androidx.core.app.CoreComponentFactory"
42-->[androidx.core:core:1.1.0] AndroidManifest.xml:24:18-86
43        android:debuggable="true"
44        android:icon="@mipmap/ic_launcher"
44-->src\main\AndroidManifest.xml:9:7-41
45        android:label="@string/app_name"
45-->src\main\AndroidManifest.xml:8:7-39
46        android:roundIcon="@mipmap/ic_launcher_round"
46-->src\main\AndroidManifest.xml:10:7-52
47        android:theme="@style/AppTheme"
47-->src\main\AndroidManifest.xml:12:7-38
48        android:usesCleartextTraffic="true" >
48-->src\debug\AndroidManifest.xml:7:18-53
49        <activity
49-->src\main\AndroidManifest.xml:13:7-23:18
50            android:name="com.rnfirebasemc.MainActivity"
50-->src\main\AndroidManifest.xml:14:9-37
51            android:configChanges="keyboard|keyboardHidden|orientation|screenSize|uiMode"
51-->src\main\AndroidManifest.xml:16:9-86
52            android:label="@string/app_name"
52-->src\main\AndroidManifest.xml:15:9-41
53            android:launchMode="singleTask"
53-->src\main\AndroidManifest.xml:17:9-40
54            android:windowSoftInputMode="adjustResize" >
54-->src\main\AndroidManifest.xml:18:9-51
55            <intent-filter>
55-->src\main\AndroidManifest.xml:19:9-22:25
56                <action android:name="android.intent.action.MAIN" />
56-->src\main\AndroidManifest.xml:20:13-65
56-->src\main\AndroidManifest.xml:20:21-62
57
58                <category android:name="android.intent.category.LAUNCHER" />
58-->src\main\AndroidManifest.xml:21:13-73
58-->src\main\AndroidManifest.xml:21:23-70
59            </intent-filter>
60        </activity>
61        <activity android:name="com.facebook.react.devsupport.DevSettingsActivity" />
61-->src\main\AndroidManifest.xml:24:7-84
61-->src\main\AndroidManifest.xml:24:17-81
62
63        <service android:name="io.invertase.firebase.messaging.ReactNativeFirebaseMessagingHeadlessService" />
63-->[:react-native-firebase_messaging] AndroidManifest.xml:16:9-111
63-->[:react-native-firebase_messaging] AndroidManifest.xml:16:18-108
64        <service
64-->[:react-native-firebase_messaging] AndroidManifest.xml:17:9-23:19
65            android:name="io.invertase.firebase.messaging.ReactNativeFirebaseMessagingService"
65-->[:react-native-firebase_messaging] AndroidManifest.xml:18:13-95
66            android:exported="false" >
66-->[:react-native-firebase_messaging] AndroidManifest.xml:19:13-37
67            <intent-filter>
67-->[:react-native-firebase_messaging] AndroidManifest.xml:20:13-22:29
68                <action android:name="com.google.firebase.MESSAGING_EVENT" />
68-->[:react-native-firebase_messaging] AndroidManifest.xml:21:17-78
68-->[:react-native-firebase_messaging] AndroidManifest.xml:21:25-75
69            </intent-filter>
70        </service>
71
72        <receiver
72-->[:react-native-firebase_messaging] AndroidManifest.xml:25:9-32:20
73            android:name="io.invertase.firebase.messaging.ReactNativeFirebaseMessagingReceiver"
73-->[:react-native-firebase_messaging] AndroidManifest.xml:26:13-96
74            android:exported="true"
74-->[:react-native-firebase_messaging] AndroidManifest.xml:27:13-36
75            android:permission="com.google.android.c2dm.permission.SEND" >
75-->[:react-native-firebase_messaging] AndroidManifest.xml:28:13-73
76            <intent-filter>
76-->[:react-native-firebase_messaging] AndroidManifest.xml:29:13-31:29
77                <action android:name="com.google.android.c2dm.intent.RECEIVE" />
77-->[:react-native-firebase_messaging] AndroidManifest.xml:30:17-81
77-->[:react-native-firebase_messaging] AndroidManifest.xml:30:25-78
78            </intent-filter>
79        </receiver>
80
81        <meta-data
81-->[:react-native-firebase_messaging] AndroidManifest.xml:34:9-36:36
82            android:name="firebase_messaging_auto_init_enabled"
82-->[:react-native-firebase_messaging] AndroidManifest.xml:35:13-64
83            android:value="true" />
83-->[:react-native-firebase_messaging] AndroidManifest.xml:36:13-33
84        <meta-data
84-->[:react-native-firebase_messaging] AndroidManifest.xml:37:9-39:32
85            android:name="com.google.firebase.messaging.default_notification_channel_id"
85-->[:react-native-firebase_messaging] AndroidManifest.xml:38:13-89
86            android:value="" />
86-->[:react-native-firebase_messaging] AndroidManifest.xml:39:13-29
87        <meta-data
87-->[:react-native-firebase_messaging] AndroidManifest.xml:40:9-42:47
88            android:name="com.google.firebase.messaging.default_notification_color"
88-->[:react-native-firebase_messaging] AndroidManifest.xml:41:13-84
89            android:resource="@color/white" />
89-->[:react-native-firebase_messaging] AndroidManifest.xml:42:13-44
90        <!--
91             FirebaseMessagingService performs security checks at runtime,
92             but set to not exported to explicitly avoid allowing another app to call it.
93        -->
94        <service
94-->[com.google.firebase:firebase-messaging:21.0.1] AndroidManifest.xml:28:9-35:19
95            android:name="com.google.firebase.messaging.FirebaseMessagingService"
95-->[com.google.firebase:firebase-messaging:21.0.1] AndroidManifest.xml:29:13-82
96            android:directBootAware="true"
96-->[com.google.firebase:firebase-messaging:21.0.1] AndroidManifest.xml:30:13-43
97            android:exported="false" >
97-->[com.google.firebase:firebase-messaging:21.0.1] AndroidManifest.xml:31:13-37
98            <intent-filter android:priority="-500" >
98-->[:react-native-firebase_messaging] AndroidManifest.xml:20:13-22:29
99                <action android:name="com.google.firebase.MESSAGING_EVENT" />
99-->[:react-native-firebase_messaging] AndroidManifest.xml:21:17-78
99-->[:react-native-firebase_messaging] AndroidManifest.xml:21:25-75
100            </intent-filter>
101        </service>
102        <service
102-->[com.google.firebase:firebase-messaging:21.0.1] AndroidManifest.xml:36:9-42:19
103            android:name="com.google.firebase.components.ComponentDiscoveryService"
103-->[com.google.firebase:firebase-messaging:21.0.1] AndroidManifest.xml:37:13-84
104            android:directBootAware="true"
104-->[com.google.firebase:firebase-common:19.5.0] AndroidManifest.xml:35:13-43
105            android:exported="false" >
105-->[com.google.firebase:firebase-messaging:21.0.1] AndroidManifest.xml:38:13-37
106            <meta-data
106-->[com.google.firebase:firebase-messaging:21.0.1] AndroidManifest.xml:39:13-41:85
107                android:name="com.google.firebase.components:com.google.firebase.messaging.FirebaseMessagingRegistrar"
107-->[com.google.firebase:firebase-messaging:21.0.1] AndroidManifest.xml:40:17-119
108                android:value="com.google.firebase.components.ComponentRegistrar" />
108-->[com.google.firebase:firebase-messaging:21.0.1] AndroidManifest.xml:41:17-82
109            <meta-data
109-->[com.google.firebase:firebase-datatransport:17.0.10] AndroidManifest.xml:28:13-30:85
110                android:name="com.google.firebase.components:com.google.firebase.datatransport.TransportRegistrar"
110-->[com.google.firebase:firebase-datatransport:17.0.10] AndroidManifest.xml:29:17-115
111                android:value="com.google.firebase.components.ComponentRegistrar" />
111-->[com.google.firebase:firebase-datatransport:17.0.10] AndroidManifest.xml:30:17-82
112            <meta-data
112-->[com.google.firebase:firebase-iid:21.0.1] AndroidManifest.xml:32:13-34:85
113                android:name="com.google.firebase.components:com.google.firebase.iid.Registrar"
113-->[com.google.firebase:firebase-iid:21.0.1] AndroidManifest.xml:33:17-96
114                android:value="com.google.firebase.components.ComponentRegistrar" />
114-->[com.google.firebase:firebase-iid:21.0.1] AndroidManifest.xml:34:17-82
115            <meta-data
115-->[com.google.firebase:firebase-installations:16.3.5] AndroidManifest.xml:18:13-20:85
116                android:name="com.google.firebase.components:com.google.firebase.installations.FirebaseInstallationsRegistrar"
116-->[com.google.firebase:firebase-installations:16.3.5] AndroidManifest.xml:19:17-127
117                android:value="com.google.firebase.components.ComponentRegistrar" />
117-->[com.google.firebase:firebase-installations:16.3.5] AndroidManifest.xml:20:17-82
118            <!--
119                This registrar is not defined in the dynamic-module-support sdk itself to allow non-firebase
120                clients to use it as well, by defining this registrar in their own core/common library.
121            -->
122            <meta-data
122-->[com.google.firebase:firebase-common:19.5.0] AndroidManifest.xml:43:13-45:85
123                android:name="com.google.firebase.components:com.google.firebase.dynamicloading.DynamicLoadingRegistrar"
123-->[com.google.firebase:firebase-common:19.5.0] AndroidManifest.xml:44:17-121
124                android:value="com.google.firebase.components.ComponentRegistrar" />
124-->[com.google.firebase:firebase-common:19.5.0] AndroidManifest.xml:45:17-82
125        </service>
126        <service
126-->[com.google.android.datatransport:transport-backend-cct:2.3.3] AndroidManifest.xml:29:9-35:19
127            android:name="com.google.android.datatransport.runtime.backends.TransportBackendDiscovery"
127-->[com.google.android.datatransport:transport-backend-cct:2.3.3] AndroidManifest.xml:30:13-103
128            android:exported="false" >
128-->[com.google.android.datatransport:transport-backend-cct:2.3.3] AndroidManifest.xml:31:13-37
129            <meta-data
129-->[com.google.android.datatransport:transport-backend-cct:2.3.3] AndroidManifest.xml:32:13-34:39
130                android:name="backend:com.google.android.datatransport.cct.CctBackendFactory"
130-->[com.google.android.datatransport:transport-backend-cct:2.3.3] AndroidManifest.xml:33:17-94
131                android:value="cct" />
131-->[com.google.android.datatransport:transport-backend-cct:2.3.3] AndroidManifest.xml:34:17-36
132        </service>
133        <service
133-->[com.google.android.datatransport:transport-runtime:2.2.5] AndroidManifest.xml:26:9-30:19
134            android:name="com.google.android.datatransport.runtime.scheduling.jobscheduling.JobInfoSchedulerService"
134-->[com.google.android.datatransport:transport-runtime:2.2.5] AndroidManifest.xml:27:13-117
135            android:exported="false"
135-->[com.google.android.datatransport:transport-runtime:2.2.5] AndroidManifest.xml:28:13-37
136            android:permission="android.permission.BIND_JOB_SERVICE" >
136-->[com.google.android.datatransport:transport-runtime:2.2.5] AndroidManifest.xml:29:13-69
137        </service>
138
139        <receiver
139-->[com.google.android.datatransport:transport-runtime:2.2.5] AndroidManifest.xml:32:9-34:40
140            android:name="com.google.android.datatransport.runtime.scheduling.jobscheduling.AlarmManagerSchedulerBroadcastReceiver"
140-->[com.google.android.datatransport:transport-runtime:2.2.5] AndroidManifest.xml:33:13-132
141            android:exported="false" />
141-->[com.google.android.datatransport:transport-runtime:2.2.5] AndroidManifest.xml:34:13-37
142
143        <activity
143-->[com.google.android.gms:play-services-auth:19.0.0] AndroidManifest.xml:23:9-27:75
144            android:name="com.google.android.gms.auth.api.signin.internal.SignInHubActivity"
144-->[com.google.android.gms:play-services-auth:19.0.0] AndroidManifest.xml:24:13-93
145            android:excludeFromRecents="true"
145-->[com.google.android.gms:play-services-auth:19.0.0] AndroidManifest.xml:25:13-46
146            android:exported="false"
146-->[com.google.android.gms:play-services-auth:19.0.0] AndroidManifest.xml:26:13-37
147            android:theme="@android:style/Theme.Translucent.NoTitleBar" />
147-->[com.google.android.gms:play-services-auth:19.0.0] AndroidManifest.xml:27:13-72
148        <!--
149            Service handling Google Sign-In user revocation. For apps that do not integrate with
150            Google Sign-In, this service will never be started.
151        -->
152        <service
152-->[com.google.android.gms:play-services-auth:19.0.0] AndroidManifest.xml:33:9-37:51
153            android:name="com.google.android.gms.auth.api.signin.RevocationBoundService"
153-->[com.google.android.gms:play-services-auth:19.0.0] AndroidManifest.xml:34:13-89
154            android:exported="true"
154-->[com.google.android.gms:play-services-auth:19.0.0] AndroidManifest.xml:35:13-36
155            android:permission="com.google.android.gms.auth.api.signin.permission.REVOCATION_NOTIFICATION"
155-->[com.google.android.gms:play-services-auth:19.0.0] AndroidManifest.xml:36:13-107
156            android:visibleToInstantApps="true" />
156-->[com.google.android.gms:play-services-auth:19.0.0] AndroidManifest.xml:37:13-48
157
158        <receiver
158-->[com.google.firebase:firebase-iid:21.0.1] AndroidManifest.xml:37:9-44:20
159            android:name="com.google.firebase.iid.FirebaseInstanceIdReceiver"
159-->[com.google.firebase:firebase-iid:21.0.1] AndroidManifest.xml:38:13-78
160            android:exported="true"
160-->[com.google.firebase:firebase-iid:21.0.1] AndroidManifest.xml:39:13-36
161            android:permission="com.google.android.c2dm.permission.SEND" >
161-->[com.google.firebase:firebase-iid:21.0.1] AndroidManifest.xml:40:13-73
162            <intent-filter>
162-->[:react-native-firebase_messaging] AndroidManifest.xml:29:13-31:29
163                <action android:name="com.google.android.c2dm.intent.RECEIVE" />
163-->[:react-native-firebase_messaging] AndroidManifest.xml:30:17-81
163-->[:react-native-firebase_messaging] AndroidManifest.xml:30:25-78
164            </intent-filter>
165        </receiver>
166
167        <activity
167-->[com.google.android.gms:play-services-base:17.1.0] AndroidManifest.xml:23:9-26:75
168            android:name="com.google.android.gms.common.api.GoogleApiActivity"
168-->[com.google.android.gms:play-services-base:17.1.0] AndroidManifest.xml:24:13-79
169            android:exported="false"
169-->[com.google.android.gms:play-services-base:17.1.0] AndroidManifest.xml:25:13-37
170            android:theme="@android:style/Theme.Translucent.NoTitleBar" />
170-->[com.google.android.gms:play-services-base:17.1.0] AndroidManifest.xml:26:13-72
171
172        <provider
172-->[com.google.firebase:firebase-common:19.5.0] AndroidManifest.xml:26:9-31:39
173            android:name="com.google.firebase.provider.FirebaseInitProvider"
173-->[com.google.firebase:firebase-common:19.5.0] AndroidManifest.xml:27:13-77
174            android:authorities="com.rnfirebasemc.firebaseinitprovider"
174-->[com.google.firebase:firebase-common:19.5.0] AndroidManifest.xml:28:13-72
175            android:directBootAware="true"
175-->[com.google.firebase:firebase-common:19.5.0] AndroidManifest.xml:29:13-43
176            android:exported="false"
176-->[com.google.firebase:firebase-common:19.5.0] AndroidManifest.xml:30:13-37
177            android:initOrder="100" />
177-->[com.google.firebase:firebase-common:19.5.0] AndroidManifest.xml:31:13-36
178
179        <meta-data
179-->[com.google.android.gms:play-services-basement:17.1.1] AndroidManifest.xml:23:9-25:69
180            android:name="com.google.android.gms.version"
180-->[com.google.android.gms:play-services-basement:17.1.1] AndroidManifest.xml:24:13-58
181            android:value="@integer/google_play_services_version" />
181-->[com.google.android.gms:play-services-basement:17.1.1] AndroidManifest.xml:25:13-66
182    </application>
183
184</manifest>